<?xml version="1.0" encoding="UTF-8"?>
<!-- Generated by org.testng.reporters.JUnitXMLReporter -->
<testsuite ignored="0" hostname="LAPTOP-BFLULPE1" failures="0" tests="4" name="ChromeBrowserTesting" time="49.905" errors="0" timestamp="2026-05-01T15:29:24 IST">
  <testcase classname="com.TestNGRunner.TestNGRunner" name="loginPageTest" time="0.725"/>
  <testcase classname="com.TestNGRunner.TestNGRunner" name="homePageTest" time="43.532"/>
  <testcase classname="com.TestNGRunner.TestNGRunner" name="checkOutPageTest" time="0.548"/>
  <testcase classname="com.TestNGRunner.TestNGRunner" name="logoutPageTest" time="0.664"/>
</testsuite> <!-- ChromeBrowserTesting -->
