<?xml version="1.0" encoding="UTF-8"?>
<!-- Generated by org.testng.reporters.JUnitXMLReporter -->
<testsuite ignored="0" hostname="LAPTOP-BFLULPE1" failures="0" tests="4" name="EdgebrowserTesting" time="7.599" errors="0" timestamp="2026-05-01T15:29:41 IST">
  <testcase classname="com.TestNGRunner.TestNGRunner" name="loginPageTest" time="0.6"/>
  <testcase classname="com.TestNGRunner.TestNGRunner" name="homePageTest" time="2.082"/>
  <testcase classname="com.TestNGRunner.TestNGRunner" name="checkOutPageTest" time="0.856"/>
  <testcase classname="com.TestNGRunner.TestNGRunner" name="logoutPageTest" time="0.709"/>
</testsuite> <!-- EdgebrowserTesting -->
