<?xml version="1.0" encoding="UTF-8"?>
<!-- Generated by org.testng.reporters.JUnitXMLReporter -->
<testsuite ignored="0" hostname="LAPTOP-BFLULPE1" failures="0" tests="4" name="EdgebrowserTesting" time="6.795" errors="0" timestamp="2026-05-01T16:13:51 IST">
  <testcase classname="com.TestNGRunner.TestNGRunner" name="loginPageTest" time="1.602"/>
  <testcase classname="com.TestNGRunner.TestNGRunner" name="homePageTest" time="2.024"/>
  <testcase classname="com.TestNGRunner.TestNGRunner" name="checkOutPageTest" time="0.719"/>
  <testcase classname="com.TestNGRunner.TestNGRunner" name="logoutPageTest" time="0.735"/>
</testsuite> <!-- EdgebrowserTesting -->
