<?xml version="1.0" encoding="UTF-8"?>
<!-- Generated by org.testng.reporters.JUnitXMLReporter -->
<testsuite ignored="0" hostname="LAPTOP-BFLULPE1" failures="0" tests="4" name="FirefoxBrowserTesting" time="9.399" errors="0" timestamp="2026-05-01T15:29:33 IST">
  <testcase classname="com.TestNGRunner.TestNGRunner" name="loginPageTest" time="0.29"/>
  <testcase classname="com.TestNGRunner.TestNGRunner" name="homePageTest" time="1.983"/>
  <testcase classname="com.TestNGRunner.TestNGRunner" name="checkOutPageTest" time="0.516"/>
  <testcase classname="com.TestNGRunner.TestNGRunner" name="logoutPageTest" time="0.188"/>
</testsuite> <!-- FirefoxBrowserTesting -->
