<?xml version="1.0" encoding="UTF-8"?>
<!-- Generated by org.testng.reporters.JUnitXMLReporter -->
<testsuite ignored="0" hostname="LAPTOP-BFLULPE1" failures="0" tests="4" name="FirefoxBrowserTesting" time="10.602" errors="0" timestamp="2026-05-01T16:13:44 IST">
  <testcase classname="com.TestNGRunner.TestNGRunner" name="loginPageTest" time="0.315"/>
  <testcase classname="com.TestNGRunner.TestNGRunner" name="homePageTest" time="1.968"/>
  <testcase classname="com.TestNGRunner.TestNGRunner" name="checkOutPageTest" time="0.499"/>
  <testcase classname="com.TestNGRunner.TestNGRunner" name="logoutPageTest" time="0.188"/>
</testsuite> <!-- FirefoxBrowserTesting -->
