<?xml version="1.0" encoding="UTF-8"?>
<!-- Generated by org.testng.reporters.JUnitXMLReporter -->
<testsuite ignored="0" hostname="LAPTOP-BFLULPE1" failures="0" tests="4" name="Test" time="11.885" errors="0" timestamp="2026-03-28T15:17:51 IST">
  <testcase classname="com.TestNGRunner.TestNGRunner" name="loginPageTest" time="0.418"/>
  <testcase classname="com.TestNGRunner.TestNGRunner" name="homePageTest" time="6.175"/>
  <testcase classname="com.TestNGRunner.TestNGRunner" name="checkOutPageTest" time="1.092"/>
  <testcase classname="com.TestNGRunner.TestNGRunner" name="logoutPageTest" time="0.918"/>
</testsuite> <!-- Test -->
