<?xml version="1.0" encoding="UTF-8"?>
<!-- Generated by org.testng.reporters.JUnitXMLReporter -->
<testsuite ignored="0" hostname="LAPTOP-BFLULPE1" failures="0" tests="4" name="ChromeBrowserTesting" time="12.614" errors="0" timestamp="2026-05-01T16:38:18 IST">
  <testcase classname="com.TestNGRunner.TestNGRunner" name="loginPageTest" time="2.894"/>
  <testcase classname="com.TestNGRunner.TestNGRunner" name="homePageTest" time="5.779"/>
  <testcase classname="com.TestNGRunner.TestNGRunner" name="checkOutPageTest" time="0.554"/>
  <testcase classname="com.TestNGRunner.TestNGRunner" name="logoutPageTest" time="0.678"/>
</testsuite> <!-- ChromeBrowserTesting -->
