<?xml version="1.0" encoding="UTF-8"?>
<!-- Generated by org.testng.reporters.JUnitXMLReporter -->
<testsuite ignored="0" hostname="LAPTOP-BFLULPE1" failures="0" tests="4" name="ChromeBrowserTesting" time="16.283" errors="0" timestamp="2026-05-01T16:56:52 IST">
  <testcase classname="com.TestNGRunner.TestNGRunner" name="loginPageTest" time="0.471"/>
  <testcase classname="com.TestNGRunner.TestNGRunner" name="homePageTest" time="11.715"/>
  <testcase classname="com.TestNGRunner.TestNGRunner" name="checkOutPageTest" time="0.584"/>
  <testcase classname="com.TestNGRunner.TestNGRunner" name="logoutPageTest" time="0.66"/>
</testsuite> <!-- ChromeBrowserTesting -->
