<?xml version="1.0" encoding="UTF-8"?>
<!-- Generated by org.testng.reporters.JUnitXMLReporter -->
<testsuite ignored="0" hostname="LAPTOP-BFLULPE1" failures="0" tests="4" name="EdgebrowserTesting" time="5.405" errors="0" timestamp="2026-03-28T19:43:09 IST">
  <testcase classname="com.TestNGRunner.TestNGRunner" name="loginPageTest" time="1.399"/>
  <testcase classname="com.TestNGRunner.TestNGRunner" name="homePageTest" time="1.499"/>
  <testcase classname="com.TestNGRunner.TestNGRunner" name="checkOutPageTest" time="0.561"/>
  <testcase classname="com.TestNGRunner.TestNGRunner" name="logoutPageTest" time="0.653"/>
</testsuite> <!-- EdgebrowserTesting -->
