<?xml version="1.0" encoding="UTF-8"?>
<testng-results ignored="0" total="12" passed="12" failed="0" skipped="0">
  <reporter-output>
  </reporter-output>
  <suite started-at="2026-05-01T16:13:19 IST" name="CrossFuntionalTesting" finished-at="2026-05-01T16:13:51 IST" duration-ms="31567">
    <groups>
    </groups>
    <test started-at="2026-05-01T16:13:19 IST" name="ChromeBrowserTesting" finished-at="2026-05-01T16:13:33 IST" duration-ms="14115">
      <class name="com.TestNGRunner.TestNGRunner">
        <test-method is-config="true" signature="setUp(java.lang.String,java.lang.String)[pri:0, instance:com.TestNGRunner.TestNGRunner@36ebc363]" started-at="2026-05-01T16:13:19 IST" name="setUp" finished-at="2026-05-01T16:13:23 IST" duration-ms="3571" status="PASS">
          <params>
            <param index="0">
              <value>
                <![CDATA[chrome]]>
              </value>
            </param>
            <param index="1">
              <value>
                <![CDATA[https://www.saucedemo.com/]]>
              </value>
            </param>
          </params>
          <reporter-output>
          </reporter-output>
        </test-method> <!-- setUp -->
        <test-method signature="loginPageTest(java.lang.String,java.lang.String)[pri:1, instance:com.TestNGRunner.TestNGRunner@36ebc363]" started-at="2026-05-01T16:13:23 IST" name="loginPageTest" finished-at="2026-05-01T16:13:24 IST" duration-ms="729" status="PASS">
          <params>
            <param index="0">
              <value>
                <![CDATA[standard_user]]>
              </value>
            </param>
            <param index="1">
              <value>
                <![CDATA[secret_sauce]]>
              </value>
            </param>
          </params>
          <reporter-output>
          </reporter-output>
        </test-method> <!-- loginPageTest -->
        <test-method signature="homePageTest()[pri:2, instance:com.TestNGRunner.TestNGRunner@36ebc363]" started-at="2026-05-01T16:13:24 IST" name="homePageTest" finished-at="2026-05-01T16:13:32 IST" duration-ms="8195" status="PASS">
          <reporter-output>
          </reporter-output>
        </test-method> <!-- homePageTest -->
        <test-method signature="checkOutPageTest(java.lang.String,java.lang.String,java.lang.String)[pri:3, instance:com.TestNGRunner.TestNGRunner@36ebc363]" started-at="2026-05-01T16:13:32 IST" name="checkOutPageTest" finished-at="2026-05-01T16:13:32 IST" duration-ms="535" status="PASS">
          <params>
            <param index="0">
              <value>
                <![CDATA[Dhanush]]>
              </value>
            </param>
            <param index="1">
              <value>
                <![CDATA[Kumar]]>
              </value>
            </param>
            <param index="2">
              <value>
                <![CDATA[632503]]>
              </value>
            </param>
          </params>
          <reporter-output>
          </reporter-output>
        </test-method> <!-- checkOutPageTest -->
        <test-method signature="logoutPageTest()[pri:4, instance:com.TestNGRunner.TestNGRunner@36ebc363]" started-at="2026-05-01T16:13:32 IST" name="logoutPageTest" finished-at="2026-05-01T16:13:33 IST" duration-ms="659" status="PASS">
          <reporter-output>
          </reporter-output>
        </test-method> <!-- logoutPageTest -->
        <test-method is-config="true" signature="tearDown()[pri:0, instance:com.TestNGRunner.TestNGRunner@36ebc363]" started-at="2026-05-01T16:13:33 IST" name="tearDown" finished-at="2026-05-01T16:13:33 IST" duration-ms="365" status="PASS">
          <reporter-output>
          </reporter-output>
        </test-method> <!-- tearDown -->
      </class> <!-- com.TestNGRunner.TestNGRunner -->
    </test> <!-- ChromeBrowserTesting -->
    <test started-at="2026-05-01T16:13:34 IST" name="FirefoxBrowserTesting" finished-at="2026-05-01T16:13:44 IST" duration-ms="10602">
      <class name="com.TestNGRunner.TestNGRunner">
        <test-method is-config="true" signature="setUp(java.lang.String,java.lang.String)[pri:0, instance:com.TestNGRunner.TestNGRunner@5dda768f]" started-at="2026-05-01T16:13:34 IST" name="setUp" finished-at="2026-05-01T16:13:40 IST" duration-ms="6524" status="PASS">
          <params>
            <param index="0">
              <value>
                <![CDATA[firefox]]>
              </value>
            </param>
            <param index="1">
              <value>
                <![CDATA[https://www.saucedemo.com/]]>
              </value>
            </param>
          </params>
          <reporter-output>
          </reporter-output>
        </test-method> <!-- setUp -->
        <test-method signature="loginPageTest(java.lang.String,java.lang.String)[pri:1, instance:com.TestNGRunner.TestNGRunner@5dda768f]" started-at="2026-05-01T16:13:40 IST" name="loginPageTest" finished-at="2026-05-01T16:13:40 IST" duration-ms="315" status="PASS">
          <params>
            <param index="0">
              <value>
                <![CDATA[standard_user]]>
              </value>
            </param>
            <param index="1">
              <value>
                <![CDATA[secret_sauce]]>
              </value>
            </param>
          </params>
          <reporter-output>
          </reporter-output>
        </test-method> <!-- loginPageTest -->
        <test-method signature="homePageTest()[pri:2, instance:com.TestNGRunner.TestNGRunner@5dda768f]" started-at="2026-05-01T16:13:40 IST" name="homePageTest" finished-at="2026-05-01T16:13:42 IST" duration-ms="1968" status="PASS">
          <reporter-output>
          </reporter-output>
        </test-method> <!-- homePageTest -->
        <test-method signature="checkOutPageTest(java.lang.String,java.lang.String,java.lang.String)[pri:3, instance:com.TestNGRunner.TestNGRunner@5dda768f]" started-at="2026-05-01T16:13:42 IST" name="checkOutPageTest" finished-at="2026-05-01T16:13:43 IST" duration-ms="499" status="PASS">
          <params>
            <param index="0">
              <value>
                <![CDATA[Dhanush]]>
              </value>
            </param>
            <param index="1">
              <value>
                <![CDATA[Kumar]]>
              </value>
            </param>
            <param index="2">
              <value>
                <![CDATA[632503]]>
              </value>
            </param>
          </params>
          <reporter-output>
          </reporter-output>
        </test-method> <!-- checkOutPageTest -->
        <test-method signature="logoutPageTest()[pri:4, instance:com.TestNGRunner.TestNGRunner@5dda768f]" started-at="2026-05-01T16:13:43 IST" name="logoutPageTest" finished-at="2026-05-01T16:13:43 IST" duration-ms="188" status="PASS">
          <reporter-output>
          </reporter-output>
        </test-method> <!-- logoutPageTest -->
        <test-method is-config="true" signature="tearDown()[pri:0, instance:com.TestNGRunner.TestNGRunner@5dda768f]" started-at="2026-05-01T16:13:43 IST" name="tearDown" finished-at="2026-05-01T16:13:44 IST" duration-ms="1103" status="PASS">
          <reporter-output>
          </reporter-output>
        </test-method> <!-- tearDown -->
      </class> <!-- com.TestNGRunner.TestNGRunner -->
    </test> <!-- FirefoxBrowserTesting -->
    <test started-at="2026-05-01T16:13:44 IST" name="EdgebrowserTesting" finished-at="2026-05-01T16:13:51 IST" duration-ms="6795">
      <class name="com.TestNGRunner.TestNGRunner">
        <test-method is-config="true" signature="setUp(java.lang.String,java.lang.String)[pri:0, instance:com.TestNGRunner.TestNGRunner@24269709]" started-at="2026-05-01T16:13:44 IST" name="setUp" finished-at="2026-05-01T16:13:46 IST" duration-ms="1439" status="PASS">
          <params>
            <param index="0">
              <value>
                <![CDATA[edge]]>
              </value>
            </param>
            <param index="1">
              <value>
                <![CDATA[https://www.saucedemo.com/]]>
              </value>
            </param>
          </params>
          <reporter-output>
          </reporter-output>
        </test-method> <!-- setUp -->
        <test-method signature="loginPageTest(java.lang.String,java.lang.String)[pri:1, instance:com.TestNGRunner.TestNGRunner@24269709]" started-at="2026-05-01T16:13:46 IST" name="loginPageTest" finished-at="2026-05-01T16:13:47 IST" duration-ms="1602" status="PASS">
          <params>
            <param index="0">
              <value>
                <![CDATA[standard_user]]>
              </value>
            </param>
            <param index="1">
              <value>
                <![CDATA[secret_sauce]]>
              </value>
            </param>
          </params>
          <reporter-output>
          </reporter-output>
        </test-method> <!-- loginPageTest -->
        <test-method signature="homePageTest()[pri:2, instance:com.TestNGRunner.TestNGRunner@24269709]" started-at="2026-05-01T16:13:47 IST" name="homePageTest" finished-at="2026-05-01T16:13:49 IST" duration-ms="2024" status="PASS">
          <reporter-output>
          </reporter-output>
        </test-method> <!-- homePageTest -->
        <test-method signature="checkOutPageTest(java.lang.String,java.lang.String,java.lang.String)[pri:3, instance:com.TestNGRunner.TestNGRunner@24269709]" started-at="2026-05-01T16:13:49 IST" name="checkOutPageTest" finished-at="2026-05-01T16:13:50 IST" duration-ms="719" status="PASS">
          <params>
            <param index="0">
              <value>
                <![CDATA[Dhanush]]>
              </value>
            </param>
            <param index="1">
              <value>
                <![CDATA[Kumar]]>
              </value>
            </param>
            <param index="2">
              <value>
                <![CDATA[632503]]>
              </value>
            </param>
          </params>
          <reporter-output>
          </reporter-output>
        </test-method> <!-- checkOutPageTest -->
        <test-method signature="logoutPageTest()[pri:4, instance:com.TestNGRunner.TestNGRunner@24269709]" started-at="2026-05-01T16:13:50 IST" name="logoutPageTest" finished-at="2026-05-01T16:13:51 IST" duration-ms="735" status="PASS">
          <reporter-output>
          </reporter-output>
        </test-method> <!-- logoutPageTest -->
        <test-method is-config="true" signature="tearDown()[pri:0, instance:com.TestNGRunner.TestNGRunner@24269709]" started-at="2026-05-01T16:13:51 IST" name="tearDown" finished-at="2026-05-01T16:13:51 IST" duration-ms="266" status="PASS">
          <reporter-output>
          </reporter-output>
        </test-method> <!-- tearDown -->
      </class> <!-- com.TestNGRunner.TestNGRunner -->
    </test> <!-- EdgebrowserTesting -->
  </suite> <!-- CrossFuntionalTesting -->
</testng-results>
