<?xml version="1.0" encoding="UTF-8"?>
<testng-results ignored="0" total="12" passed="12" failed="0" skipped="0">
  <reporter-output>
  </reporter-output>
  <suite started-at="2026-05-01T15:28:34 IST" name="CrossFuntionalTesting" finished-at="2026-05-01T15:29:41 IST" duration-ms="66940">
    <groups>
    </groups>
    <test started-at="2026-05-01T15:28:34 IST" name="ChromeBrowserTesting" finished-at="2026-05-01T15:29:24 IST" duration-ms="49905">
      <class name="com.TestNGRunner.TestNGRunner">
        <test-method is-config="true" signature="setUp(java.lang.String,java.lang.String)[pri:0, instance:com.TestNGRunner.TestNGRunner@408d971b]" started-at="2026-05-01T15:28:34 IST" name="setUp" finished-at="2026-05-01T15:28:38 IST" duration-ms="4102" status="PASS">
          <params>
            <param index="0">
              <value>
                <![CDATA[chrome]]>
              </value>
            </param>
            <param index="1">
              <value>
                <![CDATA[https://www.saucedemo.com/]]>
              </value>
            </param>
          </params>
          <reporter-output>
          </reporter-output>
        </test-method> <!-- setUp -->
        <test-method signature="loginPageTest(java.lang.String,java.lang.String)[pri:1, instance:com.TestNGRunner.TestNGRunner@408d971b]" started-at="2026-05-01T15:28:38 IST" name="loginPageTest" finished-at="2026-05-01T15:28:39 IST" duration-ms="725" status="PASS">
          <params>
            <param index="0">
              <value>
                <![CDATA[standard_user]]>
              </value>
            </param>
            <param index="1">
              <value>
                <![CDATA[secret_sauce]]>
              </value>
            </param>
          </params>
          <reporter-output>
          </reporter-output>
        </test-method> <!-- loginPageTest -->
        <test-method signature="homePageTest()[pri:2, instance:com.TestNGRunner.TestNGRunner@408d971b]" started-at="2026-05-01T15:28:39 IST" name="homePageTest" finished-at="2026-05-01T15:29:22 IST" duration-ms="43532" status="PASS">
          <reporter-output>
          </reporter-output>
        </test-method> <!-- homePageTest -->
        <test-method signature="checkOutPageTest(java.lang.String,java.lang.String,java.lang.String)[pri:3, instance:com.TestNGRunner.TestNGRunner@408d971b]" started-at="2026-05-01T15:29:22 IST" name="checkOutPageTest" finished-at="2026-05-01T15:29:23 IST" duration-ms="548" status="PASS">
          <params>
            <param index="0">
              <value>
                <![CDATA[Dhanush]]>
              </value>
            </param>
            <param index="1">
              <value>
                <![CDATA[Kumar]]>
              </value>
            </param>
            <param index="2">
              <value>
                <![CDATA[632503]]>
              </value>
            </param>
          </params>
          <reporter-output>
          </reporter-output>
        </test-method> <!-- checkOutPageTest -->
        <test-method signature="logoutPageTest()[pri:4, instance:com.TestNGRunner.TestNGRunner@408d971b]" started-at="2026-05-01T15:29:23 IST" name="logoutPageTest" finished-at="2026-05-01T15:29:23 IST" duration-ms="664" status="PASS">
          <reporter-output>
          </reporter-output>
        </test-method> <!-- logoutPageTest -->
        <test-method is-config="true" signature="tearDown()[pri:0, instance:com.TestNGRunner.TestNGRunner@408d971b]" started-at="2026-05-01T15:29:23 IST" name="tearDown" finished-at="2026-05-01T15:29:24 IST" duration-ms="259" status="PASS">
          <reporter-output>
          </reporter-output>
        </test-method> <!-- tearDown -->
      </class> <!-- com.TestNGRunner.TestNGRunner -->
    </test> <!-- ChromeBrowserTesting -->
    <test started-at="2026-05-01T15:29:24 IST" name="FirefoxBrowserTesting" finished-at="2026-05-01T15:29:33 IST" duration-ms="9399">
      <class name="com.TestNGRunner.TestNGRunner">
        <test-method is-config="true" signature="setUp(java.lang.String,java.lang.String)[pri:0, instance:com.TestNGRunner.TestNGRunner@367ffa75]" started-at="2026-05-01T15:29:24 IST" name="setUp" finished-at="2026-05-01T15:29:29 IST" duration-ms="5026" status="PASS">
          <params>
            <param index="0">
              <value>
                <![CDATA[firefox]]>
              </value>
            </param>
            <param index="1">
              <value>
                <![CDATA[https://www.saucedemo.com/]]>
              </value>
            </param>
          </params>
          <reporter-output>
          </reporter-output>
        </test-method> <!-- setUp -->
        <test-method signature="loginPageTest(java.lang.String,java.lang.String)[pri:1, instance:com.TestNGRunner.TestNGRunner@367ffa75]" started-at="2026-05-01T15:29:29 IST" name="loginPageTest" finished-at="2026-05-01T15:29:29 IST" duration-ms="290" status="PASS">
          <params>
            <param index="0">
              <value>
                <![CDATA[standard_user]]>
              </value>
            </param>
            <param index="1">
              <value>
                <![CDATA[secret_sauce]]>
              </value>
            </param>
          </params>
          <reporter-output>
          </reporter-output>
        </test-method> <!-- loginPageTest -->
        <test-method signature="homePageTest()[pri:2, instance:com.TestNGRunner.TestNGRunner@367ffa75]" started-at="2026-05-01T15:29:29 IST" name="homePageTest" finished-at="2026-05-01T15:29:31 IST" duration-ms="1983" status="PASS">
          <reporter-output>
          </reporter-output>
        </test-method> <!-- homePageTest -->
        <test-method signature="checkOutPageTest(java.lang.String,java.lang.String,java.lang.String)[pri:3, instance:com.TestNGRunner.TestNGRunner@367ffa75]" started-at="2026-05-01T15:29:31 IST" name="checkOutPageTest" finished-at="2026-05-01T15:29:31 IST" duration-ms="516" status="PASS">
          <params>
            <param index="0">
              <value>
                <![CDATA[Dhanush]]>
              </value>
            </param>
            <param index="1">
              <value>
                <![CDATA[Kumar]]>
              </value>
            </param>
            <param index="2">
              <value>
                <![CDATA[632503]]>
              </value>
            </param>
          </params>
          <reporter-output>
          </reporter-output>
        </test-method> <!-- checkOutPageTest -->
        <test-method signature="logoutPageTest()[pri:4, instance:com.TestNGRunner.TestNGRunner@367ffa75]" started-at="2026-05-01T15:29:31 IST" name="logoutPageTest" finished-at="2026-05-01T15:29:32 IST" duration-ms="188" status="PASS">
          <reporter-output>
          </reporter-output>
        </test-method> <!-- logoutPageTest -->
        <test-method is-config="true" signature="tearDown()[pri:0, instance:com.TestNGRunner.TestNGRunner@367ffa75]" started-at="2026-05-01T15:29:32 IST" name="tearDown" finished-at="2026-05-01T15:29:33 IST" duration-ms="1391" status="PASS">
          <reporter-output>
          </reporter-output>
        </test-method> <!-- tearDown -->
      </class> <!-- com.TestNGRunner.TestNGRunner -->
    </test> <!-- FirefoxBrowserTesting -->
    <test started-at="2026-05-01T15:29:33 IST" name="EdgebrowserTesting" finished-at="2026-05-01T15:29:41 IST" duration-ms="7599">
      <class name="com.TestNGRunner.TestNGRunner">
        <test-method is-config="true" signature="setUp(java.lang.String,java.lang.String)[pri:0, instance:com.TestNGRunner.TestNGRunner@ba2f4ec]" started-at="2026-05-01T15:29:33 IST" name="setUp" finished-at="2026-05-01T15:29:36 IST" duration-ms="3179" status="PASS">
          <params>
            <param index="0">
              <value>
                <![CDATA[edge]]>
              </value>
            </param>
            <param index="1">
              <value>
                <![CDATA[https://www.saucedemo.com/]]>
              </value>
            </param>
          </params>
          <reporter-output>
          </reporter-output>
        </test-method> <!-- setUp -->
        <test-method signature="loginPageTest(java.lang.String,java.lang.String)[pri:1, instance:com.TestNGRunner.TestNGRunner@ba2f4ec]" started-at="2026-05-01T15:29:36 IST" name="loginPageTest" finished-at="2026-05-01T15:29:37 IST" duration-ms="600" status="PASS">
          <params>
            <param index="0">
              <value>
                <![CDATA[standard_user]]>
              </value>
            </param>
            <param index="1">
              <value>
                <![CDATA[secret_sauce]]>
              </value>
            </param>
          </params>
          <reporter-output>
          </reporter-output>
        </test-method> <!-- loginPageTest -->
        <test-method signature="homePageTest()[pri:2, instance:com.TestNGRunner.TestNGRunner@ba2f4ec]" started-at="2026-05-01T15:29:37 IST" name="homePageTest" finished-at="2026-05-01T15:29:39 IST" duration-ms="2082" status="PASS">
          <reporter-output>
          </reporter-output>
        </test-method> <!-- homePageTest -->
        <test-method signature="checkOutPageTest(java.lang.String,java.lang.String,java.lang.String)[pri:3, instance:com.TestNGRunner.TestNGRunner@ba2f4ec]" started-at="2026-05-01T15:29:39 IST" name="checkOutPageTest" finished-at="2026-05-01T15:29:40 IST" duration-ms="856" status="PASS">
          <params>
            <param index="0">
              <value>
                <![CDATA[Dhanush]]>
              </value>
            </param>
            <param index="1">
              <value>
                <![CDATA[Kumar]]>
              </value>
            </param>
            <param index="2">
              <value>
                <![CDATA[632503]]>
              </value>
            </param>
          </params>
          <reporter-output>
          </reporter-output>
        </test-method> <!-- checkOutPageTest -->
        <test-method signature="logoutPageTest()[pri:4, instance:com.TestNGRunner.TestNGRunner@ba2f4ec]" started-at="2026-05-01T15:29:40 IST" name="logoutPageTest" finished-at="2026-05-01T15:29:40 IST" duration-ms="709" status="PASS">
          <reporter-output>
          </reporter-output>
        </test-method> <!-- logoutPageTest -->
        <test-method is-config="true" signature="tearDown()[pri:0, instance:com.TestNGRunner.TestNGRunner@ba2f4ec]" started-at="2026-05-01T15:29:40 IST" name="tearDown" finished-at="2026-05-01T15:29:41 IST" duration-ms="166" status="PASS">
          <reporter-output>
          </reporter-output>
        </test-method> <!-- tearDown -->
      </class> <!-- com.TestNGRunner.TestNGRunner -->
    </test> <!-- EdgebrowserTesting -->
  </suite> <!-- CrossFuntionalTesting -->
</testng-results>
