<?xml version="1.0" encoding="UTF-8"?>
<testng-results ignored="0" total="8" passed="8" failed="0" skipped="0">
  <reporter-output>
  </reporter-output>
  <suite started-at="2026-05-01T16:58:36 IST" name="CrossFuntionalTesting" finished-at="2026-05-01T16:58:50 IST" duration-ms="13959">
    <groups>
    </groups>
    <test started-at="2026-05-01T16:58:36 IST" name="FirefoxBrowserTesting" finished-at="2026-05-01T16:58:45 IST" duration-ms="8508">
      <class name="com.TestNGRunner.TestNGRunner">
        <test-method is-config="true" signature="setUp(java.lang.String,java.lang.String)[pri:0, instance:com.TestNGRunner.TestNGRunner@672872e1]" started-at="2026-05-01T16:58:37 IST" name="setUp" finished-at="2026-05-01T16:58:41 IST" duration-ms="4766" status="PASS">
          <params>
            <param index="0">
              <value>
                <![CDATA[firefox]]>
              </value>
            </param>
            <param index="1">
              <value>
                <![CDATA[https://www.saucedemo.com/]]>
              </value>
            </param>
          </params>
          <reporter-output>
          </reporter-output>
        </test-method> <!-- setUp -->
        <test-method signature="loginPageTest(java.lang.String,java.lang.String)[pri:1, instance:com.TestNGRunner.TestNGRunner@672872e1]" started-at="2026-05-01T16:58:41 IST" name="loginPageTest" finished-at="2026-05-01T16:58:42 IST" duration-ms="349" status="PASS">
          <params>
            <param index="0">
              <value>
                <![CDATA[standard_user]]>
              </value>
            </param>
            <param index="1">
              <value>
                <![CDATA[secret_sauce]]>
              </value>
            </param>
          </params>
          <reporter-output>
          </reporter-output>
        </test-method> <!-- loginPageTest -->
        <test-method signature="homePageTest()[pri:2, instance:com.TestNGRunner.TestNGRunner@672872e1]" started-at="2026-05-01T16:58:42 IST" name="homePageTest" finished-at="2026-05-01T16:58:44 IST" duration-ms="1867" status="PASS">
          <reporter-output>
          </reporter-output>
        </test-method> <!-- homePageTest -->
        <test-method signature="checkOutPageTest(java.lang.String,java.lang.String,java.lang.String)[pri:3, instance:com.TestNGRunner.TestNGRunner@672872e1]" started-at="2026-05-01T16:58:44 IST" name="checkOutPageTest" finished-at="2026-05-01T16:58:44 IST" duration-ms="485" status="PASS">
          <params>
            <param index="0">
              <value>
                <![CDATA[Dhanush]]>
              </value>
            </param>
            <param index="1">
              <value>
                <![CDATA[Kumar]]>
              </value>
            </param>
            <param index="2">
              <value>
                <![CDATA[632503]]>
              </value>
            </param>
          </params>
          <reporter-output>
          </reporter-output>
        </test-method> <!-- checkOutPageTest -->
        <test-method signature="logoutPageTest()[pri:4, instance:com.TestNGRunner.TestNGRunner@672872e1]" started-at="2026-05-01T16:58:44 IST" name="logoutPageTest" finished-at="2026-05-01T16:58:44 IST" duration-ms="175" status="PASS">
          <reporter-output>
          </reporter-output>
        </test-method> <!-- logoutPageTest -->
        <test-method is-config="true" signature="tearDown()[pri:0, instance:com.TestNGRunner.TestNGRunner@672872e1]" started-at="2026-05-01T16:58:44 IST" name="tearDown" finished-at="2026-05-01T16:58:45 IST" duration-ms="822" status="PASS">
          <reporter-output>
          </reporter-output>
        </test-method> <!-- tearDown -->
      </class> <!-- com.TestNGRunner.TestNGRunner -->
    </test> <!-- FirefoxBrowserTesting -->
    <test started-at="2026-05-01T16:58:45 IST" name="EdgebrowserTesting" finished-at="2026-05-01T16:58:50 IST" duration-ms="5410">
      <class name="com.TestNGRunner.TestNGRunner">
        <test-method is-config="true" signature="setUp(java.lang.String,java.lang.String)[pri:0, instance:com.TestNGRunner.TestNGRunner@366647c2]" started-at="2026-05-01T16:58:45 IST" name="setUp" finished-at="2026-05-01T16:58:47 IST" duration-ms="2169" status="PASS">
          <params>
            <param index="0">
              <value>
                <![CDATA[edge]]>
              </value>
            </param>
            <param index="1">
              <value>
                <![CDATA[https://www.saucedemo.com/]]>
              </value>
            </param>
          </params>
          <reporter-output>
          </reporter-output>
        </test-method> <!-- setUp -->
        <test-method signature="loginPageTest(java.lang.String,java.lang.String)[pri:1, instance:com.TestNGRunner.TestNGRunner@366647c2]" started-at="2026-05-01T16:58:47 IST" name="loginPageTest" finished-at="2026-05-01T16:58:48 IST" duration-ms="371" status="PASS">
          <params>
            <param index="0">
              <value>
                <![CDATA[standard_user]]>
              </value>
            </param>
            <param index="1">
              <value>
                <![CDATA[secret_sauce]]>
              </value>
            </param>
          </params>
          <reporter-output>
          </reporter-output>
        </test-method> <!-- loginPageTest -->
        <test-method signature="homePageTest()[pri:2, instance:com.TestNGRunner.TestNGRunner@366647c2]" started-at="2026-05-01T16:58:48 IST" name="homePageTest" finished-at="2026-05-01T16:58:49 IST" duration-ms="1476" status="PASS">
          <reporter-output>
          </reporter-output>
        </test-method> <!-- homePageTest -->
        <test-method signature="checkOutPageTest(java.lang.String,java.lang.String,java.lang.String)[pri:3, instance:com.TestNGRunner.TestNGRunner@366647c2]" started-at="2026-05-01T16:58:49 IST" name="checkOutPageTest" finished-at="2026-05-01T16:58:50 IST" duration-ms="552" status="PASS">
          <params>
            <param index="0">
              <value>
                <![CDATA[Dhanush]]>
              </value>
            </param>
            <param index="1">
              <value>
                <![CDATA[Kumar]]>
              </value>
            </param>
            <param index="2">
              <value>
                <![CDATA[632503]]>
              </value>
            </param>
          </params>
          <reporter-output>
          </reporter-output>
        </test-method> <!-- checkOutPageTest -->
        <test-method signature="logoutPageTest()[pri:4, instance:com.TestNGRunner.TestNGRunner@366647c2]" started-at="2026-05-01T16:58:50 IST" name="logoutPageTest" finished-at="2026-05-01T16:58:50 IST" duration-ms="671" status="PASS">
          <reporter-output>
          </reporter-output>
        </test-method> <!-- logoutPageTest -->
        <test-method is-config="true" signature="tearDown()[pri:0, instance:com.TestNGRunner.TestNGRunner@366647c2]" started-at="2026-05-01T16:58:50 IST" name="tearDown" finished-at="2026-05-01T16:58:50 IST" duration-ms="162" status="PASS">
          <reporter-output>
          </reporter-output>
        </test-method> <!-- tearDown -->
      </class> <!-- com.TestNGRunner.TestNGRunner -->
    </test> <!-- EdgebrowserTesting -->
  </suite> <!-- CrossFuntionalTesting -->
</testng-results>
