<?xml version="1.0" encoding="UTF-8"?>
<testng-results ignored="0" total="12" passed="12" failed="0" skipped="0">
  <reporter-output>
  </reporter-output>
  <suite started-at="2026-05-01T16:38:06 IST" name="CrossFuntionalTesting" finished-at="2026-05-01T16:38:44 IST" duration-ms="38132">
    <groups>
    </groups>
    <test started-at="2026-05-01T16:38:06 IST" name="ChromeBrowserTesting" finished-at="2026-05-01T16:38:18 IST" duration-ms="12614">
      <class name="com.TestNGRunner.TestNGRunner">
        <test-method is-config="true" signature="setUp(java.lang.String,java.lang.String)[pri:0, instance:com.TestNGRunner.TestNGRunner@672872e1]" started-at="2026-05-01T16:38:06 IST" name="setUp" finished-at="2026-05-01T16:38:08 IST" duration-ms="2465" status="PASS">
          <params>
            <param index="0">
              <value>
                <![CDATA[chrome]]>
              </value>
            </param>
            <param index="1">
              <value>
                <![CDATA[https://www.saucedemo.com/]]>
              </value>
            </param>
          </params>
          <reporter-output>
          </reporter-output>
        </test-method> <!-- setUp -->
        <test-method signature="loginPageTest(java.lang.String,java.lang.String)[pri:1, instance:com.TestNGRunner.TestNGRunner@672872e1]" started-at="2026-05-01T16:38:08 IST" name="loginPageTest" finished-at="2026-05-01T16:38:11 IST" duration-ms="2894" status="PASS">
          <params>
            <param index="0">
              <value>
                <![CDATA[standard_user]]>
              </value>
            </param>
            <param index="1">
              <value>
                <![CDATA[secret_sauce]]>
              </value>
            </param>
          </params>
          <reporter-output>
          </reporter-output>
        </test-method> <!-- loginPageTest -->
        <test-method signature="homePageTest()[pri:2, instance:com.TestNGRunner.TestNGRunner@672872e1]" started-at="2026-05-01T16:38:11 IST" name="homePageTest" finished-at="2026-05-01T16:38:17 IST" duration-ms="5779" status="PASS">
          <reporter-output>
          </reporter-output>
        </test-method> <!-- homePageTest -->
        <test-method signature="checkOutPageTest(java.lang.String,java.lang.String,java.lang.String)[pri:3, instance:com.TestNGRunner.TestNGRunner@672872e1]" started-at="2026-05-01T16:38:17 IST" name="checkOutPageTest" finished-at="2026-05-01T16:38:17 IST" duration-ms="554" status="PASS">
          <params>
            <param index="0">
              <value>
                <![CDATA[Dhanush]]>
              </value>
            </param>
            <param index="1">
              <value>
                <![CDATA[Kumar]]>
              </value>
            </param>
            <param index="2">
              <value>
                <![CDATA[632503]]>
              </value>
            </param>
          </params>
          <reporter-output>
          </reporter-output>
        </test-method> <!-- checkOutPageTest -->
        <test-method signature="logoutPageTest()[pri:4, instance:com.TestNGRunner.TestNGRunner@672872e1]" started-at="2026-05-01T16:38:17 IST" name="logoutPageTest" finished-at="2026-05-01T16:38:18 IST" duration-ms="678" status="PASS">
          <reporter-output>
          </reporter-output>
        </test-method> <!-- logoutPageTest -->
        <test-method is-config="true" signature="tearDown()[pri:0, instance:com.TestNGRunner.TestNGRunner@672872e1]" started-at="2026-05-01T16:38:18 IST" name="tearDown" finished-at="2026-05-01T16:38:18 IST" duration-ms="195" status="PASS">
          <reporter-output>
          </reporter-output>
        </test-method> <!-- tearDown -->
      </class> <!-- com.TestNGRunner.TestNGRunner -->
    </test> <!-- ChromeBrowserTesting -->
    <test started-at="2026-05-01T16:38:18 IST" name="FirefoxBrowserTesting" finished-at="2026-05-01T16:38:30 IST" duration-ms="11998">
      <class name="com.TestNGRunner.TestNGRunner">
        <test-method is-config="true" signature="setUp(java.lang.String,java.lang.String)[pri:0, instance:com.TestNGRunner.TestNGRunner@366647c2]" started-at="2026-05-01T16:38:18 IST" name="setUp" finished-at="2026-05-01T16:38:27 IST" duration-ms="8596" status="PASS">
          <params>
            <param index="0">
              <value>
                <![CDATA[firefox]]>
              </value>
            </param>
            <param index="1">
              <value>
                <![CDATA[https://www.saucedemo.com/]]>
              </value>
            </param>
          </params>
          <reporter-output>
          </reporter-output>
        </test-method> <!-- setUp -->
        <test-method signature="loginPageTest(java.lang.String,java.lang.String)[pri:1, instance:com.TestNGRunner.TestNGRunner@366647c2]" started-at="2026-05-01T16:38:27 IST" name="loginPageTest" finished-at="2026-05-01T16:38:27 IST" duration-ms="237" status="PASS">
          <params>
            <param index="0">
              <value>
                <![CDATA[standard_user]]>
              </value>
            </param>
            <param index="1">
              <value>
                <![CDATA[secret_sauce]]>
              </value>
            </param>
          </params>
          <reporter-output>
          </reporter-output>
        </test-method> <!-- loginPageTest -->
        <test-method signature="homePageTest()[pri:2, instance:com.TestNGRunner.TestNGRunner@366647c2]" started-at="2026-05-01T16:38:27 IST" name="homePageTest" finished-at="2026-05-01T16:38:29 IST" duration-ms="1737" status="PASS">
          <reporter-output>
          </reporter-output>
        </test-method> <!-- homePageTest -->
        <test-method signature="checkOutPageTest(java.lang.String,java.lang.String,java.lang.String)[pri:3, instance:com.TestNGRunner.TestNGRunner@366647c2]" started-at="2026-05-01T16:38:29 IST" name="checkOutPageTest" finished-at="2026-05-01T16:38:29 IST" duration-ms="412" status="PASS">
          <params>
            <param index="0">
              <value>
                <![CDATA[Dhanush]]>
              </value>
            </param>
            <param index="1">
              <value>
                <![CDATA[Kumar]]>
              </value>
            </param>
            <param index="2">
              <value>
                <![CDATA[632503]]>
              </value>
            </param>
          </params>
          <reporter-output>
          </reporter-output>
        </test-method> <!-- checkOutPageTest -->
        <test-method signature="logoutPageTest()[pri:4, instance:com.TestNGRunner.TestNGRunner@366647c2]" started-at="2026-05-01T16:38:29 IST" name="logoutPageTest" finished-at="2026-05-01T16:38:29 IST" duration-ms="175" status="PASS">
          <reporter-output>
          </reporter-output>
        </test-method> <!-- logoutPageTest -->
        <test-method is-config="true" signature="tearDown()[pri:0, instance:com.TestNGRunner.TestNGRunner@366647c2]" started-at="2026-05-01T16:38:29 IST" name="tearDown" finished-at="2026-05-01T16:38:30 IST" duration-ms="834" status="PASS">
          <reporter-output>
          </reporter-output>
        </test-method> <!-- tearDown -->
      </class> <!-- com.TestNGRunner.TestNGRunner -->
    </test> <!-- FirefoxBrowserTesting -->
    <test started-at="2026-05-01T16:38:30 IST" name="EdgebrowserTesting" finished-at="2026-05-01T16:38:44 IST" duration-ms="13480">
      <class name="com.TestNGRunner.TestNGRunner">
        <test-method is-config="true" signature="setUp(java.lang.String,java.lang.String)[pri:0, instance:com.TestNGRunner.TestNGRunner@1649b0e6]" started-at="2026-05-01T16:38:30 IST" name="setUp" finished-at="2026-05-01T16:38:41 IST" duration-ms="10350" status="PASS">
          <params>
            <param index="0">
              <value>
                <![CDATA[edge]]>
              </value>
            </param>
            <param index="1">
              <value>
                <![CDATA[https://www.saucedemo.com/]]>
              </value>
            </param>
          </params>
          <reporter-output>
          </reporter-output>
        </test-method> <!-- setUp -->
        <test-method signature="loginPageTest(java.lang.String,java.lang.String)[pri:1, instance:com.TestNGRunner.TestNGRunner@1649b0e6]" started-at="2026-05-01T16:38:41 IST" name="loginPageTest" finished-at="2026-05-01T16:38:41 IST" duration-ms="273" status="PASS">
          <params>
            <param index="0">
              <value>
                <![CDATA[standard_user]]>
              </value>
            </param>
            <param index="1">
              <value>
                <![CDATA[secret_sauce]]>
              </value>
            </param>
          </params>
          <reporter-output>
          </reporter-output>
        </test-method> <!-- loginPageTest -->
        <test-method signature="homePageTest()[pri:2, instance:com.TestNGRunner.TestNGRunner@1649b0e6]" started-at="2026-05-01T16:38:41 IST" name="homePageTest" finished-at="2026-05-01T16:38:42 IST" duration-ms="1444" status="PASS">
          <reporter-output>
          </reporter-output>
        </test-method> <!-- homePageTest -->
        <test-method signature="checkOutPageTest(java.lang.String,java.lang.String,java.lang.String)[pri:3, instance:com.TestNGRunner.TestNGRunner@1649b0e6]" started-at="2026-05-01T16:38:42 IST" name="checkOutPageTest" finished-at="2026-05-01T16:38:43 IST" duration-ms="538" status="PASS">
          <params>
            <param index="0">
              <value>
                <![CDATA[Dhanush]]>
              </value>
            </param>
            <param index="1">
              <value>
                <![CDATA[Kumar]]>
              </value>
            </param>
            <param index="2">
              <value>
                <![CDATA[632503]]>
              </value>
            </param>
          </params>
          <reporter-output>
          </reporter-output>
        </test-method> <!-- checkOutPageTest -->
        <test-method signature="logoutPageTest()[pri:4, instance:com.TestNGRunner.TestNGRunner@1649b0e6]" started-at="2026-05-01T16:38:43 IST" name="logoutPageTest" finished-at="2026-05-01T16:38:43 IST" duration-ms="700" status="PASS">
          <reporter-output>
          </reporter-output>
        </test-method> <!-- logoutPageTest -->
        <test-method is-config="true" signature="tearDown()[pri:0, instance:com.TestNGRunner.TestNGRunner@1649b0e6]" started-at="2026-05-01T16:38:44 IST" name="tearDown" finished-at="2026-05-01T16:38:44 IST" duration-ms="167" status="PASS">
          <reporter-output>
          </reporter-output>
        </test-method> <!-- tearDown -->
      </class> <!-- com.TestNGRunner.TestNGRunner -->
    </test> <!-- EdgebrowserTesting -->
  </suite> <!-- CrossFuntionalTesting -->
</testng-results>
