<?xml version="1.0" encoding="UTF-8"?>
<!-- Generated by org.testng.reporters.JUnitReportReporter -->
<testsuite hostname="LAPTOP-BFLULPE1" failures="0" tests="8" name="com.TestNGRunner.TestNGRunner" time="5.946" errors="0" timestamp="2026-05-01T16:58:51 IST" skipped="0">
  <testcase classname="com.TestNGRunner.TestNGRunner" name="loginPageTest" time="0.371"/>
  <testcase classname="com.TestNGRunner.TestNGRunner" name="loginPageTest" time="0.349"/>
  <testcase classname="com.TestNGRunner.TestNGRunner" name="homePageTest" time="1.476"/>
  <testcase classname="com.TestNGRunner.TestNGRunner" name="homePageTest" time="1.867"/>
  <testcase classname="com.TestNGRunner.TestNGRunner" name="checkOutPageTest" time="0.485"/>
  <testcase classname="com.TestNGRunner.TestNGRunner" name="checkOutPageTest" time="0.552"/>
  <testcase classname="com.TestNGRunner.TestNGRunner" name="logoutPageTest" time="0.671"/>
  <testcase classname="com.TestNGRunner.TestNGRunner" name="logoutPageTest" time="0.175"/>
</testsuite> <!-- com.TestNGRunner.TestNGRunner -->
