<?xml version="1.0" encoding="UTF-8"?>
<!-- Generated by org.testng.reporters.JUnitReportReporter -->
<testsuite hostname="LAPTOP-BFLULPE1" failures="0" tests="12" name="com.TestNGRunner.TestNGRunner" time="15.421" errors="0" timestamp="2026-05-01T16:38:44 IST" skipped="0">
  <testcase classname="com.TestNGRunner.TestNGRunner" name="loginPageTest" time="0.273"/>
  <testcase classname="com.TestNGRunner.TestNGRunner" name="loginPageTest" time="0.237"/>
  <testcase classname="com.TestNGRunner.TestNGRunner" name="loginPageTest" time="2.894"/>
  <testcase classname="com.TestNGRunner.TestNGRunner" name="homePageTest" time="1.737"/>
  <testcase classname="com.TestNGRunner.TestNGRunner" name="homePageTest" time="1.444"/>
  <testcase classname="com.TestNGRunner.TestNGRunner" name="homePageTest" time="5.779"/>
  <testcase classname="com.TestNGRunner.TestNGRunner" name="checkOutPageTest" time="0.412"/>
  <testcase classname="com.TestNGRunner.TestNGRunner" name="checkOutPageTest" time="0.538"/>
  <testcase classname="com.TestNGRunner.TestNGRunner" name="checkOutPageTest" time="0.554"/>
  <testcase classname="com.TestNGRunner.TestNGRunner" name="logoutPageTest" time="0.175"/>
  <testcase classname="com.TestNGRunner.TestNGRunner" name="logoutPageTest" time="0.678"/>
  <testcase classname="com.TestNGRunner.TestNGRunner" name="logoutPageTest" time="0.700"/>
</testsuite> <!-- com.TestNGRunner.TestNGRunner -->
