<?xml version="1.0" encoding="UTF-8"?>
<!-- Generated by org.testng.reporters.JUnitReportReporter -->
<testsuite hostname="LAPTOP-BFLULPE1" failures="0" tests="12" name="com.TestNGRunner.TestNGRunner" time="52.693" errors="0" timestamp="2026-05-01T15:29:41 IST" skipped="0">
  <testcase classname="com.TestNGRunner.TestNGRunner" name="loginPageTest" time="0.600"/>
  <testcase classname="com.TestNGRunner.TestNGRunner" name="loginPageTest" time="0.290"/>
  <testcase classname="com.TestNGRunner.TestNGRunner" name="loginPageTest" time="0.725"/>
  <testcase classname="com.TestNGRunner.TestNGRunner" name="homePageTest" time="43.532"/>
  <testcase classname="com.TestNGRunner.TestNGRunner" name="homePageTest" time="1.983"/>
  <testcase classname="com.TestNGRunner.TestNGRunner" name="homePageTest" time="2.082"/>
  <testcase classname="com.TestNGRunner.TestNGRunner" name="checkOutPageTest" time="0.548"/>
  <testcase classname="com.TestNGRunner.TestNGRunner" name="checkOutPageTest" time="0.516"/>
  <testcase classname="com.TestNGRunner.TestNGRunner" name="checkOutPageTest" time="0.856"/>
  <testcase classname="com.TestNGRunner.TestNGRunner" name="logoutPageTest" time="0.188"/>
  <testcase classname="com.TestNGRunner.TestNGRunner" name="logoutPageTest" time="0.664"/>
  <testcase classname="com.TestNGRunner.TestNGRunner" name="logoutPageTest" time="0.709"/>
</testsuite> <!-- com.TestNGRunner.TestNGRunner -->
