<?xml version="1.0" encoding="UTF-8"?>
<!-- Generated by org.testng.reporters.JUnitReportReporter -->
<testsuite hostname="LAPTOP-BFLULPE1" failures="0" tests="12" name="com.TestNGRunner.TestNGRunner" time="18.168" errors="0" timestamp="2026-05-01T16:13:51 IST" skipped="0">
  <testcase classname="com.TestNGRunner.TestNGRunner" name="loginPageTest" time="0.315"/>
  <testcase classname="com.TestNGRunner.TestNGRunner" name="loginPageTest" time="0.729"/>
  <testcase classname="com.TestNGRunner.TestNGRunner" name="loginPageTest" time="1.602"/>
  <testcase classname="com.TestNGRunner.TestNGRunner" name="homePageTest" time="2.024"/>
  <testcase classname="com.TestNGRunner.TestNGRunner" name="homePageTest" time="1.968"/>
  <testcase classname="com.TestNGRunner.TestNGRunner" name="homePageTest" time="8.195"/>
  <testcase classname="com.TestNGRunner.TestNGRunner" name="checkOutPageTest" time="0.499"/>
  <testcase classname="com.TestNGRunner.TestNGRunner" name="checkOutPageTest" time="0.535"/>
  <testcase classname="com.TestNGRunner.TestNGRunner" name="checkOutPageTest" time="0.719"/>
  <testcase classname="com.TestNGRunner.TestNGRunner" name="logoutPageTest" time="0.735"/>
  <testcase classname="com.TestNGRunner.TestNGRunner" name="logoutPageTest" time="0.188"/>
  <testcase classname="com.TestNGRunner.TestNGRunner" name="logoutPageTest" time="0.659"/>
</testsuite> <!-- com.TestNGRunner.TestNGRunner -->
